<?xml version="1.0" encoding="UTF-8"?>
<!-- Generated by org.testng.reporters.JUnitReportReporter -->
<testsuite hostname="LAPTOP-SAPUJPJ0" failures="0" tests="1" name="com.webecomproject.qa.testcases.Login" time="5.563" errors="0" timestamp="2024-06-12T23:17:21 IST" skipped="0">
  <testcase classname="com.webecomproject.qa.testcases.Login" name="verifyLoginWithValidCredential" time="5.563"/>
  <system-out/>
</testsuite> <!-- com.webecomproject.qa.testcases.Login -->
