<?xml version="1.0" encoding="UTF-8"?>
<!-- Generated by org.testng.reporters.JUnitReportReporter -->
<testsuite hostname="LAPTOP-SAPUJPJ0" failures="0" tests="1" name="com.webecomproject.qa.testcases.Login" time="4.529" errors="0" timestamp="2024-06-13T23:31:58 IST" skipped="0">
  <testcase classname="com.webecomproject.qa.testcases.Login" name="verifyLoginWithValidCredential" time="4.529"/>
  <system-out/>
</testsuite> <!-- com.webecomproject.qa.testcases.Login -->
